<?xml version="1.0" encoding="UTF-8"?>
<testsuite name="FilesIOTest" tests="1" skipped="0" failures="0" errors="0" timestamp="2021-06-10T09:53:23" hostname="DESKTOP-38KI29F" time="0.025">
  <properties/>
  <testcase name="ListFiles()" classname="FilesIOTest" time="0.025"/>
  <system-out><![CDATA[C:\Users\rajni\Desktop\Temp\temp1
C:\Users\rajni\Desktop\Temp\temp2
C:\Users\rajni\Desktop\Temp\temp3
C:\Users\rajni\Desktop\Temp\temp4
]]></system-out>
  <system-err><![CDATA[]]></system-err>
</testsuite>
